\BOOKMARK [0][-]{CHAPTER.CHAPTER.1}{\376\377\0001\000\040\000R\000e\000l\000a\000t\000\363\000r\000i\000o\000\040\000d\000e\000\040\000A\000n\000\341\000l\000i\000s\000e\000\040\000E\000x\000p\000e\000r\000i\000m\000e\000n\000t\000a\000l}{}% 1
\BOOKMARK [1][-]{section.CHAPTER.1.1}{\376\377\0001\000.\0001\000\040\000I\000n\000t\000r\000o\000d\000u\000\347\000\343\000o}{CHAPTER.CHAPTER.1}% 2
\BOOKMARK [1][-]{section.CHAPTER.1.2}{\376\377\0001\000.\0002\000\040\000D\000e\000t\000a\000l\000h\000e\000s\000\040\000d\000e\000\040\000I\000m\000p\000l\000e\000m\000e\000n\000t\000a\000\347\000\343\000o}{CHAPTER.CHAPTER.1}% 3
\BOOKMARK [2][-]{subsection.CHAPTER.1.2.1}{\376\377\0001\000.\0002\000.\0001\000\040\000R\000e\000p\000r\000e\000s\000e\000n\000t\000a\000\347\000\343\000o\000\040\000d\000o\000\040\000G\000r\000a\000f\000o}{section.CHAPTER.1.2}% 4
\BOOKMARK [2][-]{subsection.CHAPTER.1.2.2}{\376\377\0001\000.\0002\000.\0002\000\040\000D\000e\000s\000i\000g\000n\000\040\000d\000o\000\040\000H\000e\000a\000p\000\040\000k\000-\000\341\000r\000i\000o}{section.CHAPTER.1.2}% 5
\BOOKMARK [2][-]{subsection.CHAPTER.1.2.3}{\376\377\0001\000.\0002\000.\0003\000\040\000A\000l\000g\000o\000r\000i\000t\000m\000o\000\040\000d\000e\000\040\000D\000i\000j\000k\000s\000t\000r\000a}{section.CHAPTER.1.2}% 6
\BOOKMARK [2][-]{subsection.CHAPTER.1.2.4}{\376\377\0001\000.\0002\000.\0004\000\040\000E\000/\000S\000\040\000e\000\040\000C\000o\000n\000v\000e\000n\000\347\000\365\000e\000s}{section.CHAPTER.1.2}% 7
\BOOKMARK [1][-]{section.CHAPTER.1.3}{\376\377\0001\000.\0003\000\040\000A\000m\000b\000i\000e\000n\000t\000e\000\040\000d\000e\000\040\000T\000e\000s\000t\000e}{CHAPTER.CHAPTER.1}% 8
\BOOKMARK [2][-]{subsection.CHAPTER.1.3.1}{\376\377\0001\000.\0003\000.\0001\000\040\000E\000s\000p\000e\000c\000i\000f\000i\000c\000a\000\347\000\365\000e\000s\000\040\000d\000e\000\040\000H\000a\000r\000d\000w\000a\000r\000e}{section.CHAPTER.1.3}% 9
\BOOKMARK [2][-]{subsection.CHAPTER.1.3.2}{\376\377\0001\000.\0003\000.\0002\000\040\000S\000t\000a\000c\000k\000\040\000d\000e\000\040\000S\000o\000f\000t\000w\000a\000r\000e}{section.CHAPTER.1.3}% 10
\BOOKMARK [2][-]{subsection.CHAPTER.1.3.3}{\376\377\0001\000.\0003\000.\0003\000\040\000F\000e\000r\000r\000a\000m\000e\000n\000t\000a\000s\000\040\000d\000e\000\040\000B\000e\000n\000c\000h\000m\000a\000r\000k\000i\000n\000g}{section.CHAPTER.1.3}% 11
\BOOKMARK [1][-]{section.CHAPTER.1.4}{\376\377\0001\000.\0004\000\040\000R\000e\000s\000u\000l\000t\000a\000d\000o\000s\000\040\000E\000x\000p\000e\000r\000i\000m\000e\000n\000t\000a\000i\000s\000\040\000e\000\040\000A\000n\000\341\000l\000i\000s\000e}{CHAPTER.CHAPTER.1}% 12
\BOOKMARK [2][-]{subsection.CHAPTER.1.4.1}{\376\377\0001\000.\0004\000.\0001\000\040\000A\000j\000u\000s\000t\000e\000\040\000d\000e\000\040\000P\000a\000r\000\342\000m\000e\000t\000r\000o\000s\000:\000\040\000E\000n\000c\000o\000n\000t\000r\000a\000n\000d\000o\000\040\000o\000\040\000G\000r\000a\000u\000\040\000I\000d\000e\000a\000l\000\040\000d\000o\000\040\000H\000e\000a\000p\000\040\000\050\000k\000\051}{section.CHAPTER.1.4}% 13
\BOOKMARK [2][-]{subsection.CHAPTER.1.4.2}{\376\377\0001\000.\0004\000.\0002\000\040\000V\000a\000l\000i\000d\000a\000\347\000\343\000o\000\040\000d\000a\000\040\000C\000o\000m\000p\000l\000e\000x\000i\000d\000a\000d\000e\000\040\000d\000o\000\040\000H\000e\000a\000p}{section.CHAPTER.1.4}% 14
\BOOKMARK [2][-]{subsection.CHAPTER.1.4.3}{\376\377\0001\000.\0004\000.\0003\000\040\000V\000a\000l\000i\000d\000a\000\347\000\343\000o\000\040\000d\000a\000\040\000C\000o\000m\000p\000l\000e\000x\000i\000d\000a\000d\000e\000\040\000d\000o\000\040\000A\000l\000g\000o\000r\000i\000t\000m\000o\000:\000\040\000O\000p\000e\000r\000a\000\347\000\365\000e\000s\000\040\000d\000e\000\040\000A\000t\000u\000a\000l\000i\000z\000a\000\347\000\343\000o}{section.CHAPTER.1.4}% 15
\BOOKMARK [2][-]{subsection.CHAPTER.1.4.4}{\376\377\0001\000.\0004\000.\0004\000\040\000A\000n\000\341\000l\000i\000s\000e\000\040\000d\000o\000\040\000C\000a\000s\000o\000\040\000M\000\351\000d\000i\000o\000:\000\040\000V\000a\000l\000o\000r\000\040\000E\000s\000p\000e\000r\000a\000d\000o\000\040\000d\000e\000\040\000N\000o\000s\000h\000i\000t\000a}{section.CHAPTER.1.4}% 16
\BOOKMARK [2][-]{subsection.CHAPTER.1.4.5}{\376\377\0001\000.\0004\000.\0005\000\040\000A\000v\000a\000l\000i\000a\000\347\000\343\000o\000\040\000d\000o\000\040\000E\000s\000c\000a\000l\000o\000n\000a\000m\000e\000n\000t\000o\000\040\000A\000s\000s\000i\000n\000t\000\363\000t\000i\000c\000o}{section.CHAPTER.1.4}% 17
\BOOKMARK [2][-]{subsection.CHAPTER.1.4.6}{\376\377\0001\000.\0004\000.\0006\000\040\000A\000n\000\341\000l\000i\000s\000e\000\040\000d\000e\000\040\000R\000e\000g\000r\000e\000s\000s\000\343\000o\000\040\000L\000i\000n\000e\000a\000r\000\040\000M\000\372\000l\000t\000i\000p\000l\000a}{section.CHAPTER.1.4}% 18
\BOOKMARK [2][-]{subsection.CHAPTER.1.4.7}{\376\377\0001\000.\0004\000.\0007\000\040\000D\000e\000s\000e\000m\000p\000e\000n\000h\000o\000\040\000n\000o\000\040\000M\000u\000n\000d\000o\000\040\000R\000e\000a\000l\000\040\000\050\000D\000e\000s\000a\000f\000i\000o\000\040\000D\000I\000M\000A\000C\000S\000\051}{section.CHAPTER.1.4}% 19
\BOOKMARK [1][-]{section.CHAPTER.1.5}{\376\377\0001\000.\0005\000\040\000C\000o\000n\000c\000l\000u\000s\000\343\000o}{CHAPTER.CHAPTER.1}% 20
